<?xml version="1.0" encoding="UTF-8"?>
<!-- Generated by org.testng.reporters.JUnitReportReporter -->
<testsuite hostname="DESKTOP-LQKF7VP" failures="0" tests="1" name="LabSimulationTest" time="12.983" errors="0" timestamp="2023-07-13T20:14:00 CDT" skipped="0">
  <testcase classname="LabSimulationTest" name="labSimTest" time="12.983"/>
</testsuite> <!-- LabSimulationTest -->
