<?xml version="1.0" encoding="UTF-8"?>
<!-- Generated by org.testng.reporters.JUnitReportReporter -->
<testsuite hostname="DESKTOP-LQKF7VP" failures="0" tests="1" name="LabSimulationTest" time="12.293" errors="0" timestamp="2023-07-13T19:39:16 CDT" skipped="0">
  <testcase classname="LabSimulationTest" name="homeScreenHeaderLoad" time="12.293"/>
</testsuite> <!-- LabSimulationTest -->
